<?xml version="1.0" encoding="UTF-8"?>
<testsuite xmlns:xsi="http://www.w3.org/2001/XMLSchema-instance" xsi:noNamespaceSchemaLocation="https://maven.apache.org/surefire/maven-surefire-plugin/xsd/surefire-test-report.xsd" name="eu.gaia_x.service.ClaimBasedRoleProviderTests" time="0.074" tests="3" errors="0" skipped="0" failures="0">
  <properties>
[...]
</properties>
  <testcase name="hasGaiaxRoleNoCache" classname="eu.gaia_x.service.ClaimBasedRoleProviderTests" time="0.048"/>
  <testcase name="doesNotHaveGaiaxRole" classname="eu.gaia_x.service.ClaimBasedRoleProviderTests" time="0.019"/>
  <testcase name="hasGaiaxRoleWithCache" classname="eu.gaia_x.service.ClaimBasedRoleProviderTests" time="0.001"/>
</testsuite>